<?xml version="1.0" encoding="UTF-8" ?>
<testsuite tests="9" failures="0" name="io.prometheus.client.SummaryTest" time="2.81" errors="0" skipped="0">
  <properties>
    <property name="java.runtime.name" value="Java(TM) SE Runtime Environment"/>
    <property name="sun.boot.library.path" value="C:\Program Files (x86)\Java\jdk-8u131\jre\bin"/>
    <property name="java.vm.version" value="25.131-b11"/>
    <property name="java.vm.vendor" value="Oracle Corporation"/>
    <property name="maven.multiModuleProjectDirectory" value="C:\workspaces\api-management\prometheus-exporter"/>
    <property name="java.vendor.url" value="http://java.oracle.com/"/>
    <property name="path.separator" value=";"/>
    <property name="guice.disable.misplaced.annotation.check" value="true"/>
    <property name="java.vm.name" value="Java HotSpot(TM) 64-Bit Server VM"/>
    <property name="file.encoding.pkg" value="sun.io"/>
    <property name="user.script" value=""/>
    <property name="user.country" value="DE"/>
    <property name="sun.java.launcher" value="SUN_STANDARD"/>
    <property name="sun.os.patch.level" value=""/>
    <property name="java.vm.specification.name" value="Java Virtual Machine Specification"/>
    <property name="user.dir" value="C:\workspaces\api-management\prometheus-exporter"/>
    <property name="java.runtime.version" value="1.8.0_131-b11"/>
    <property name="java.awt.graphicsenv" value="sun.awt.Win32GraphicsEnvironment"/>
    <property name="java.endorsed.dirs" value="C:\Program Files (x86)\Java\jdk-8u131\jre\lib\endorsed"/>
    <property name="os.arch" value="amd64"/>
    <property name="java.io.tmpdir" value="C:\Users\cwiechmann\AppData\Local\Temp\"/>
    <property name="line.separator" value="
"/>
    <property name="java.vm.specification.vendor" value="Oracle Corporation"/>
    <property name="user.variant" value=""/>
    <property name="os.name" value="Windows 10"/>
    <property name="classworlds.conf" value="C:\ProgramData\chocolatey\lib\maven\apache-maven-3.6.1\bin\..\bin\m2.conf"/>
    <property name="sun.jnu.encoding" value="Cp1252"/>
    <property name="java.library.path" value="C:\Program Files (x86)\Java\jdk-8u131\bin;C:\WINDOWS\Sun\Java\bin;C:\WINDOWS\system32;C:\WINDOWS;C:\Users\cwiechmann\AppData\Roaming\npm;C:\Program Files\nodejs\;C:\Program Files\Docker\Docker\Resources\bin;C:\WINDOWS\system32;C:\WINDOWS;C:\WINDOWS\System32\Wbem;C:\WINDOWS\System32\WindowsPowerShell\v1.0\;C:\Program Files (x86)\Kaspersky Lab\Kaspersky Endpoint Security 10 for Windows SP2\;C:\Program Files\PuTTY\;C:\Program Files\nodejs\;C:\WINDOWS\System32\OpenSSH\;C:\ProgramData\chocolatey\bin;;C:\Program Files (x86)\Gpg4win\..\GnuPG\bin;C:\Program Files (x86)\Plantronics\Spokes3G\;C:\Program Files\Amazon\AWSCLI\bin\;C:\ProgramData\chocolatey\lib\maven\apache-maven-3.6.1\bin;C:\Program Files (x86)\Intel\Intel(R) Management Engine Components\DAL;C:\Program Files\Intel\Intel(R) Management Engine Components\DAL;C:\Program Files\Intel\WiFi\bin\;C:\Program Files\Common Files\Intel\WirelessCommon\;C:\Users\cwiechmann\AppData\Local\Programs\Python\Python36\Scripts\;C:\Users\cwiechmann\AppData\Local\Programs\Python\Python36\;C:\Users\cwiechmann\AppData\Local\Microsoft\WindowsApps;C:\Users\cwiechmann\AppData\Local\Programs\Git\cmd;C:\Program Files (x86)\OpenSSL-Win32\bin;C:\Program Files (x86)\Java\jdk-8u131\bin;C:\Users\cwiechmann\AppData\Roaming\npm;C:\Users\cwiechmann\AppData\Local\GitHubDesktop\bin;C:\Axway-7.5.3\apigateway\Win32\lib;%MAVEN_HOME%\bin;C:\Users\cwiechmann\AppData\Local\atom\bin;C:\Program Files\gnupg-2.2.16;%SWAGGER_PROMOTE_BIN%;C:\Users\cwiechmann\AppData\Local\MaxTo\;;."/>
    <property name="maven.conf" value="C:\ProgramData\chocolatey\lib\maven\apache-maven-3.6.1\bin\../conf"/>
    <property name="java.specification.name" value="Java Platform API Specification"/>
    <property name="java.class.version" value="52.0"/>
    <property name="sun.management.compiler" value="HotSpot 64-Bit Tiered Compilers"/>
    <property name="os.version" value="10.0"/>
    <property name="library.jansi.path" value="C:\ProgramData\chocolatey\lib\maven\apache-maven-3.6.1\bin\..\lib\jansi-native"/>
    <property name="user.home" value="C:\Users\cwiechmann"/>
    <property name="user.timezone" value="Europe/Berlin"/>
    <property name="java.awt.printerjob" value="sun.awt.windows.WPrinterJob"/>
    <property name="java.specification.version" value="1.8"/>
    <property name="file.encoding" value="Cp1252"/>
    <property name="user.name" value="cwiechmann"/>
    <property name="java.class.path" value="C:\ProgramData\chocolatey\lib\maven\apache-maven-3.6.1\bin\..\boot\plexus-classworlds-2.6.0.jar"/>
    <property name="java.vm.specification.version" value="1.8"/>
    <property name="sun.arch.data.model" value="64"/>
    <property name="java.home" value="C:\Program Files (x86)\Java\jdk-8u131\jre"/>
    <property name="sun.java.command" value="org.codehaus.plexus.classworlds.launcher.Launcher clean package"/>
    <property name="java.specification.vendor" value="Oracle Corporation"/>
    <property name="user.language" value="de"/>
    <property name="awt.toolkit" value="sun.awt.windows.WToolkit"/>
    <property name="java.vm.info" value="mixed mode"/>
    <property name="java.version" value="1.8.0_131"/>
    <property name="java.ext.dirs" value="C:\Program Files (x86)\Java\jdk-8u131\jre\lib\ext;C:\WINDOWS\Sun\Java\lib\ext"/>
    <property name="sun.boot.class.path" value="C:\Program Files (x86)\Java\jdk-8u131\jre\lib\resources.jar;C:\Program Files (x86)\Java\jdk-8u131\jre\lib\rt.jar;C:\Program Files (x86)\Java\jdk-8u131\jre\lib\sunrsasign.jar;C:\Program Files (x86)\Java\jdk-8u131\jre\lib\jsse.jar;C:\Program Files (x86)\Java\jdk-8u131\jre\lib\jce.jar;C:\Program Files (x86)\Java\jdk-8u131\jre\lib\charsets.jar;C:\Program Files (x86)\Java\jdk-8u131\jre\lib\jfr.jar;C:\Program Files (x86)\Java\jdk-8u131\jre\classes"/>
    <property name="sun.stderr.encoding" value="cp850"/>
    <property name="java.vendor" value="Oracle Corporation"/>
    <property name="maven.home" value="C:\ProgramData\chocolatey\lib\maven\apache-maven-3.6.1\bin\.."/>
    <property name="file.separator" value="\"/>
    <property name="java.vendor.url.bug" value="http://bugreport.sun.com/bugreport/"/>
    <property name="sun.cpu.endian" value="little"/>
    <property name="sun.io.unicode.encoding" value="UnicodeLittle"/>
    <property name="sun.stdout.encoding" value="cp850"/>
    <property name="sun.desktop" value="windows"/>
    <property name="sun.cpu.isalist" value="amd64"/>
  </properties>
  <testcase classname="io.prometheus.client.SummaryTest" name="testObserve" time="0"/>
  <testcase classname="io.prometheus.client.SummaryTest" name="testCollectWithQuantiles" time="0"/>
  <testcase classname="io.prometheus.client.SummaryTest" name="testTimer" time="0"/>
  <testcase classname="io.prometheus.client.SummaryTest" name="testQuantiles" time="1.606"/>
  <testcase classname="io.prometheus.client.SummaryTest" name="testChildAndValuePublicApi" time="0.001"/>
  <testcase classname="io.prometheus.client.SummaryTest" name="testCollect" time="0"/>
  <testcase classname="io.prometheus.client.SummaryTest" name="noLabelsDefaultZeroValue" time="0.001"/>
  <testcase classname="io.prometheus.client.SummaryTest" name="testLabels" time="0"/>
  <testcase classname="io.prometheus.client.SummaryTest" name="testMaxAge" time="1.202"/>
</testsuite>